TN:
SF:C:\projects\egeo.ui.kit\src\providers\egeo.config.provider.js
FN:1,(anonymous_1)
FN:8,EgeoConfig
FN:11,(anonymous_3)
FN:15,(anonymous_4)
FN:19,(anonymous_5)
FNF:5
FNH:5
FNDA:1,(anonymous_1)
FNDA:4,EgeoConfig
FNDA:1,(anonymous_3)
FNDA:2,(anonymous_4)
FNDA:2,(anonymous_5)
DA:1,1
DA:4,1
DA:8,1
DA:9,4
DA:11,4
DA:12,1
DA:15,4
DA:16,2
DA:19,4
DA:20,2
LF:10
LH:10
BRF:0
BRH:0
end_of_record
TN:
SF:C:\projects\egeo.ui.kit\src\factories\egeo.childrenclass.factory.js
FN:1,(anonymous_1)
FN:8,EgeoChildrenClass
FN:9,(anonymous_3)
FN:10,link
FN:11,(anonymous_5)
FNF:5
FNH:5
FNDA:1,(anonymous_1)
FNDA:2,EgeoChildrenClass
FNDA:2,(anonymous_3)
FNDA:1,link
FNDA:1,(anonymous_5)
DA:1,1
DA:4,1
DA:8,1
DA:9,2
DA:10,1
DA:11,1
DA:12,1
DA:16,2
LF:8
LH:8
BRF:0
BRH:0
end_of_record
TN:
SF:C:\projects\egeo.ui.kit\src\components\form\components.form.directive.js
FN:1,(anonymous_1)
FN:10,egeoCForm
FNF:2
FNH:1
FNDA:1,(anonymous_1)
FNDA:0,egeoCForm
DA:1,1
DA:4,1
DA:8,1
DA:10,1
DA:11,0
DA:22,0
LF:6
LH:4
BRF:0
BRH:0
end_of_record
TN:
SF:C:\projects\egeo.ui.kit\src\components\app-header\components.app-header.directive.js
FN:1,(anonymous_1)
FN:10,egeoCAppHeader
FNF:2
FNH:1
FNDA:1,(anonymous_1)
FNDA:0,egeoCAppHeader
DA:1,1
DA:4,1
DA:8,1
DA:10,1
DA:11,0
DA:23,0
LF:6
LH:4
BRF:0
BRH:0
end_of_record
TN:
SF:C:\projects\egeo.ui.kit\src\components\button\components.button.directive.js
FN:1,(anonymous_1)
FN:10,egeoCButton
FN:34,link
FNF:3
FNH:1
FNDA:1,(anonymous_1)
FNDA:0,egeoCButton
FNDA:0,link
DA:1,1
DA:4,1
DA:8,1
DA:10,1
DA:11,0
DA:32,0
DA:34,1
DA:35,0
DA:36,0
DA:37,0
LF:10
LH:5
BRDA:35,1,0,0
BRDA:35,1,1,0
BRF:2
BRH:0
end_of_record
TN:
SF:C:\projects\egeo.ui.kit\src\components\buttongroup\components.buttongroup.directive.js
FN:1,(anonymous_1)
FN:10,egeoCButtongroup
FN:25,link
FN:40,checkWidth
FN:49,renderElements
FN:78,hideItems
FN:94,showItems
FN:112,renderPopover
FN:144,renderMoreButton
FN:155,hideItem
FN:161,showItem
FN:167,fromPopoverToGroup
FN:185,fromGroupToPopover
FN:193,isItemHidden
FN:208,getLastVisibleItemIndex
FNF:15
FNH:1
FNDA:1,(anonymous_1)
FNDA:0,egeoCButtongroup
FNDA:0,link
FNDA:0,checkWidth
FNDA:0,renderElements
FNDA:0,hideItems
FNDA:0,showItems
FNDA:0,renderPopover
FNDA:0,renderMoreButton
FNDA:0,hideItem
FNDA:0,showItem
FNDA:0,fromPopoverToGroup
FNDA:0,fromGroupToPopover
FNDA:0,isItemHidden
FNDA:0,getLastVisibleItemIndex
DA:1,1
DA:4,1
DA:8,1
DA:10,1
DA:11,0
DA:23,0
DA:25,1
DA:26,0
DA:32,0
DA:35,0
DA:38,0
DA:40,1
DA:42,0
DA:43,0
DA:45,0
DA:49,1
DA:50,0
DA:52,0
DA:55,0
DA:59,0
DA:60,0
DA:61,0
DA:63,0
DA:64,0
DA:66,0
DA:67,0
DA:69,0
DA:75,0
DA:78,1
DA:79,0
DA:82,0
DA:83,0
DA:85,0
DA:87,0
DA:90,0
DA:91,0
DA:94,1
DA:95,0
DA:98,0
DA:100,0
DA:101,0
DA:103,0
DA:105,0
DA:108,0
DA:109,0
DA:112,1
DA:113,0
DA:117,0
DA:118,0
DA:119,0
DA:121,0
DA:122,0
DA:123,0
DA:124,0
DA:126,0
DA:127,0
DA:129,0
DA:133,0
DA:134,0
DA:137,0
DA:138,0
DA:140,0
DA:144,1
DA:145,0
DA:146,0
DA:147,0
DA:149,0
DA:152,0
DA:155,1
DA:156,0
DA:157,0
DA:161,1
DA:162,0
DA:163,0
DA:167,1
DA:168,0
DA:173,0
DA:176,0
DA:177,0
DA:178,0
DA:181,0
DA:185,1
DA:187,0
DA:190,0
DA:193,1
DA:194,0
DA:195,0
DA:197,0
DA:198,0
DA:199,0
DA:202,0
DA:205,0
DA:208,1
DA:209,0
DA:218,0
DA:221,0
DA:223,0
DA:224,0
DA:226,0
DA:229,0
DA:230,0
DA:232,0
DA:235,0
DA:238,0
DA:240,0
LF:105
LH:17
BRDA:42,1,0,0
BRDA:42,1,1,0
BRDA:52,2,0,0
BRDA:52,2,1,0
BRDA:59,3,0,0
BRDA:59,3,1,0
BRDA:60,4,0,0
BRDA:60,4,1,0
BRDA:63,5,0,0
BRDA:63,5,1,0
BRDA:66,6,0,0
BRDA:66,6,1,0
BRDA:98,7,0,0
BRDA:98,7,1,0
BRDA:126,8,0,0
BRDA:126,8,1,0
BRDA:133,9,0,0
BRDA:133,9,1,0
BRDA:137,10,0,0
BRDA:137,10,1,0
BRDA:145,11,0,0
BRDA:145,11,1,0
BRDA:156,12,0,0
BRDA:156,12,1,0
BRDA:162,13,0,0
BRDA:162,13,1,0
BRDA:176,14,0,0
BRDA:176,14,1,0
BRDA:177,15,0,0
BRDA:177,15,1,0
BRDA:197,16,0,0
BRDA:197,16,1,0
BRDA:198,17,0,0
BRDA:198,17,1,0
BRDA:218,18,0,0
BRDA:218,18,1,0
BRDA:223,19,0,0
BRDA:223,19,1,0
BRDA:229,20,0,0
BRDA:229,20,1,0
BRDA:238,21,0,0
BRDA:238,21,1,0
BRF:42
BRH:0
end_of_record
TN:
SF:C:\projects\egeo.ui.kit\src\components\checkbox\components.checkbox.directive.js
FN:1,(anonymous_1)
FN:10,egeoCCheckbox
FN:30,link
FNF:3
FNH:1
FNDA:1,(anonymous_1)
FNDA:0,egeoCCheckbox
FNDA:0,link
DA:1,1
DA:4,1
DA:8,1
DA:10,1
DA:11,0
DA:28,0
DA:30,1
DA:31,0
DA:32,0
LF:9
LH:5
BRDA:31,1,0,0
BRDA:31,1,1,0
BRF:2
BRH:0
end_of_record
TN:
SF:C:\projects\egeo.ui.kit\src\components\dropdown\components.dropdown.directive.js
FN:1,(anonymous_1)
FN:10,egeoCDropdown
FN:25,link
FN:29,(anonymous_4)
FNF:4
FNH:1
FNDA:1,(anonymous_1)
FNDA:0,egeoCDropdown
FNDA:0,link
FNDA:0,(anonymous_4)
DA:1,1
DA:4,1
DA:8,1
DA:10,1
DA:11,0
DA:23,0
DA:25,1
DA:27,0
DA:29,0
DA:31,0
LF:10
LH:5
BRDA:27,1,0,0
BRDA:27,1,1,0
BRF:2
BRH:0
end_of_record
TN:
SF:C:\projects\egeo.ui.kit\src\components\formgroup\components.formgroup.directive.js
FN:1,(anonymous_1)
FN:10,egeoCFormgroup
FNF:2
FNH:1
FNDA:1,(anonymous_1)
FNDA:0,egeoCFormgroup
DA:1,1
DA:4,1
DA:8,1
DA:10,1
DA:11,0
DA:19,0
LF:6
LH:4
BRF:0
BRH:0
end_of_record
TN:
SF:C:\projects\egeo.ui.kit\src\components\input\components.input.directive.js
FN:1,(anonymous_1)
FN:10,egeoCInput
FN:33,link
FNF:3
FNH:1
FNDA:1,(anonymous_1)
FNDA:0,egeoCInput
FNDA:0,link
DA:1,1
DA:4,1
DA:8,1
DA:10,1
DA:11,0
DA:31,0
DA:33,1
DA:34,0
DA:35,0
LF:9
LH:5
BRDA:34,1,0,0
BRDA:34,1,1,0
BRF:2
BRH:0
end_of_record
TN:
SF:C:\projects\egeo.ui.kit\src\components\label\components.label.directive.js
FN:1,(anonymous_1)
FN:10,egeoCLabel
FNF:2
FNH:1
FNDA:1,(anonymous_1)
FNDA:0,egeoCLabel
DA:1,1
DA:4,1
DA:8,1
DA:10,1
DA:11,0
DA:21,0
LF:6
LH:4
BRF:0
BRH:0
end_of_record
TN:
SF:C:\projects\egeo.ui.kit\src\components\popover\components.popover.directive.js
FN:1,(anonymous_1)
FN:10,egeoCPopover
FNF:2
FNH:1
FNDA:1,(anonymous_1)
FNDA:0,egeoCPopover
DA:1,1
DA:4,1
DA:8,1
DA:10,1
DA:11,0
DA:18,0
LF:6
LH:4
BRF:0
BRH:0
end_of_record
TN:
SF:C:\projects\egeo.ui.kit\src\components\row\components.row.directive.js
FN:1,(anonymous_1)
FN:10,egeoCRow
FNF:2
FNH:1
FNDA:1,(anonymous_1)
FNDA:0,egeoCRow
DA:1,1
DA:4,1
DA:8,1
DA:10,1
DA:11,0
DA:23,0
LF:6
LH:4
BRF:0
BRH:0
end_of_record
TN:
SF:C:\projects\egeo.ui.kit\src\components\toolbar\components.toolbar.directive.js
FN:1,(anonymous_1)
FN:10,egeoCToolbar
FNF:2
FNH:1
FNDA:1,(anonymous_1)
FNDA:0,egeoCToolbar
DA:1,1
DA:4,1
DA:8,1
DA:10,1
DA:11,0
DA:23,0
LF:6
LH:4
BRF:0
BRH:0
end_of_record
TN:
SF:C:\projects\egeo.ui.kit\src\components\button\components.button.controller.js
FN:1,(anonymous_1)
FN:8,EgeoButtonController
FN:19,togglePopover
FN:27,openPopover
FN:35,closePopover
FN:42,initializePopover
FN:46,getPopover
FN:54,getPopoverArrow
FN:62,getPopoverArrowShadow
FNF:9
FNH:1
FNDA:1,(anonymous_1)
FNDA:0,EgeoButtonController
FNDA:0,togglePopover
FNDA:0,openPopover
FNDA:0,closePopover
FNDA:0,initializePopover
FNDA:0,getPopover
FNDA:0,getPopoverArrow
FNDA:0,getPopoverArrowShadow
DA:1,1
DA:4,1
DA:8,1
DA:9,0
DA:15,0
DA:16,0
DA:17,0
DA:19,1
DA:20,0
DA:21,0
DA:23,0
DA:27,1
DA:28,0
DA:29,0
DA:30,0
DA:31,0
DA:32,0
DA:35,1
DA:36,0
DA:37,0
DA:38,0
DA:39,0
DA:42,1
DA:43,0
DA:46,1
DA:47,0
DA:48,0
DA:51,0
DA:54,1
DA:55,0
DA:56,0
DA:59,0
DA:62,1
DA:63,0
DA:64,0
DA:67,0
LF:36
LH:10
BRDA:20,1,0,0
BRDA:20,1,1,0
BRDA:28,2,0,0
BRDA:28,2,1,0
BRDA:47,3,0,0
BRDA:47,3,1,0
BRDA:55,4,0,0
BRDA:55,4,1,0
BRDA:63,5,0,0
BRDA:63,5,1,0
BRF:10
BRH:0
end_of_record
TN:
SF:C:\projects\egeo.ui.kit\src\components\buttongroup\components.buttongroup.controller.js
FN:1,(anonymous_1)
FN:8,EgeoButtongroupController
FN:18,test
FNF:3
FNH:1
FNDA:1,(anonymous_1)
FNDA:0,EgeoButtongroupController
FNDA:0,test
DA:1,1
DA:4,1
DA:8,1
DA:9,0
DA:11,0
DA:12,0
DA:13,0
DA:14,0
DA:15,0
DA:16,0
DA:18,1
DA:19,0
LF:12
LH:4
BRF:0
BRH:0
end_of_record
TN:
SF:C:\projects\egeo.ui.kit\src\components\checkbox\components.checkbox.controller.js
FN:1,(anonymous_1)
FN:8,EgeoCheckboxController
FN:16,onFocus
FNF:3
FNH:1
FNDA:1,(anonymous_1)
FNDA:0,EgeoCheckboxController
FNDA:0,onFocus
DA:1,1
DA:4,1
DA:8,1
DA:9,0
DA:11,0
DA:12,0
DA:13,0
DA:14,0
DA:16,1
DA:17,0
LF:10
LH:4
BRF:0
BRH:0
end_of_record
TN:
SF:C:\projects\egeo.ui.kit\src\components\dropdown\components.dropdown.controller.js
FN:1,(anonymous_1)
FN:8,EgeoDropdownController
FN:14,toggleMenu
FNF:3
FNH:1
FNDA:1,(anonymous_1)
FNDA:0,EgeoDropdownController
FNDA:0,toggleMenu
DA:1,1
DA:4,1
DA:8,1
DA:9,0
DA:11,0
DA:12,0
DA:14,1
DA:15,0
LF:8
LH:4
BRF:0
BRH:0
end_of_record
TN:
SF:C:\projects\egeo.ui.kit\src\components\input\components.input.controller.js
FN:1,(anonymous_1)
FN:8,EgeoInputController
FN:16,onFocus
FNF:3
FNH:1
FNDA:1,(anonymous_1)
FNDA:0,EgeoInputController
FNDA:0,onFocus
DA:1,1
DA:4,1
DA:8,1
DA:9,0
DA:11,0
DA:12,0
DA:13,0
DA:14,0
DA:16,1
DA:17,0
LF:10
LH:4
BRF:0
BRH:0
end_of_record
